2025-09-27T02:34:39: 🆔 duration Worker ID: duration-1
2025-09-27T02:34:39: 🌐 WebSocket Server: http://localhost:8080
2025-09-27T02:34:39: Error: supabaseUrl is required.
2025-09-27T02:34:39:     at new SupabaseClient (/Users/mahtabalam/Desktop/Coding/Unpuzzle-MVP/node_modules/@supabase/supabase-js/dist/main/SupabaseClient.js:44:19)
2025-09-27T02:34:39:     at createClient (/Users/mahtabalam/Desktop/Coding/Unpuzzle-MVP/node_modules/@supabase/supabase-js/dist/main/index.js:38:12)
2025-09-27T02:34:39:     at new DurationWorker (/Users/mahtabalam/Desktop/Coding/Unpuzzle-MVP/workers/duration/duration-worker.js:19:21)
2025-09-27T02:34:39:     at Object.<anonymous> (/Users/mahtabalam/Desktop/Coding/Unpuzzle-MVP/workers/duration/duration-worker.js:153:16)
2025-09-27T02:34:39:     at Module._compile (node:internal/modules/cjs/loader:1469:14)
2025-09-27T02:34:39:     at Module._extensions..js (node:internal/modules/cjs/loader:1548:10)
2025-09-27T02:34:39:     at Module.load (node:internal/modules/cjs/loader:1288:32)
2025-09-27T02:34:39:     at Module._load (node:internal/modules/cjs/loader:1104:12)
2025-09-27T02:34:39:     at Object.<anonymous> (/Users/mahtabalam/.nvm/versions/node/v20.18.1/lib/node_modules/pm2/lib/ProcessContainerFork.js:33:23)
2025-09-27T02:34:39:     at Module._compile (node:internal/modules/cjs/loader:1469:14)
2025-09-27T02:34:39: 🆔 duration Worker ID: duration-1
2025-09-27T02:34:39: 🌐 WebSocket Server: http://localhost:8080
2025-09-27T02:34:39: Error: supabaseUrl is required.
2025-09-27T02:34:39:     at new SupabaseClient (/Users/mahtabalam/Desktop/Coding/Unpuzzle-MVP/node_modules/@supabase/supabase-js/dist/main/SupabaseClient.js:44:19)
2025-09-27T02:34:39:     at createClient (/Users/mahtabalam/Desktop/Coding/Unpuzzle-MVP/node_modules/@supabase/supabase-js/dist/main/index.js:38:12)
2025-09-27T02:34:39:     at new DurationWorker (/Users/mahtabalam/Desktop/Coding/Unpuzzle-MVP/workers/duration/duration-worker.js:19:21)
2025-09-27T02:34:39:     at Object.<anonymous> (/Users/mahtabalam/Desktop/Coding/Unpuzzle-MVP/workers/duration/duration-worker.js:153:16)
2025-09-27T02:34:39:     at Module._compile (node:internal/modules/cjs/loader:1469:14)
2025-09-27T02:34:39:     at Module._extensions..js (node:internal/modules/cjs/loader:1548:10)
2025-09-27T02:34:39:     at Module.load (node:internal/modules/cjs/loader:1288:32)
2025-09-27T02:34:39:     at Module._load (node:internal/modules/cjs/loader:1104:12)
2025-09-27T02:34:39:     at Object.<anonymous> (/Users/mahtabalam/.nvm/versions/node/v20.18.1/lib/node_modules/pm2/lib/ProcessContainerFork.js:33:23)
2025-09-27T02:34:39:     at Module._compile (node:internal/modules/cjs/loader:1469:14)
2025-09-27T02:34:39: 🆔 duration Worker ID: duration-1
2025-09-27T02:34:39: 🌐 WebSocket Server: http://localhost:8080
2025-09-27T02:34:39: Error: supabaseUrl is required.
2025-09-27T02:34:39:     at new SupabaseClient (/Users/mahtabalam/Desktop/Coding/Unpuzzle-MVP/node_modules/@supabase/supabase-js/dist/main/SupabaseClient.js:44:19)
2025-09-27T02:34:39:     at createClient (/Users/mahtabalam/Desktop/Coding/Unpuzzle-MVP/node_modules/@supabase/supabase-js/dist/main/index.js:38:12)
2025-09-27T02:34:39:     at new DurationWorker (/Users/mahtabalam/Desktop/Coding/Unpuzzle-MVP/workers/duration/duration-worker.js:19:21)
2025-09-27T02:34:39:     at Object.<anonymous> (/Users/mahtabalam/Desktop/Coding/Unpuzzle-MVP/workers/duration/duration-worker.js:153:16)
2025-09-27T02:34:39:     at Module._compile (node:internal/modules/cjs/loader:1469:14)
2025-09-27T02:34:39:     at Module._extensions..js (node:internal/modules/cjs/loader:1548:10)
2025-09-27T02:34:39:     at Module.load (node:internal/modules/cjs/loader:1288:32)
2025-09-27T02:34:39:     at Module._load (node:internal/modules/cjs/loader:1104:12)
2025-09-27T02:34:39:     at Object.<anonymous> (/Users/mahtabalam/.nvm/versions/node/v20.18.1/lib/node_modules/pm2/lib/ProcessContainerFork.js:33:23)
2025-09-27T02:34:39:     at Module._compile (node:internal/modules/cjs/loader:1469:14)
2025-09-27T02:34:39: 🆔 duration Worker ID: duration-1
2025-09-27T02:34:39: 🌐 WebSocket Server: http://localhost:8080
2025-09-27T02:34:39: Error: supabaseUrl is required.
2025-09-27T02:34:39:     at new SupabaseClient (/Users/mahtabalam/Desktop/Coding/Unpuzzle-MVP/node_modules/@supabase/supabase-js/dist/main/SupabaseClient.js:44:19)
2025-09-27T02:34:39:     at createClient (/Users/mahtabalam/Desktop/Coding/Unpuzzle-MVP/node_modules/@supabase/supabase-js/dist/main/index.js:38:12)
2025-09-27T02:34:39:     at new DurationWorker (/Users/mahtabalam/Desktop/Coding/Unpuzzle-MVP/workers/duration/duration-worker.js:19:21)
2025-09-27T02:34:39:     at Object.<anonymous> (/Users/mahtabalam/Desktop/Coding/Unpuzzle-MVP/workers/duration/duration-worker.js:153:16)
2025-09-27T02:34:39:     at Module._compile (node:internal/modules/cjs/loader:1469:14)
2025-09-27T02:34:39:     at Module._extensions..js (node:internal/modules/cjs/loader:1548:10)
2025-09-27T02:34:39:     at Module.load (node:internal/modules/cjs/loader:1288:32)
2025-09-27T02:34:39:     at Module._load (node:internal/modules/cjs/loader:1104:12)
2025-09-27T02:34:39:     at Object.<anonymous> (/Users/mahtabalam/.nvm/versions/node/v20.18.1/lib/node_modules/pm2/lib/ProcessContainerFork.js:33:23)
2025-09-27T02:34:39:     at Module._compile (node:internal/modules/cjs/loader:1469:14)
2025-09-27T02:34:39: 🆔 duration Worker ID: duration-1
2025-09-27T02:34:39: 🌐 WebSocket Server: http://localhost:8080
2025-09-27T02:34:39: Error: supabaseUrl is required.
2025-09-27T02:34:39:     at new SupabaseClient (/Users/mahtabalam/Desktop/Coding/Unpuzzle-MVP/node_modules/@supabase/supabase-js/dist/main/SupabaseClient.js:44:19)
2025-09-27T02:34:39:     at createClient (/Users/mahtabalam/Desktop/Coding/Unpuzzle-MVP/node_modules/@supabase/supabase-js/dist/main/index.js:38:12)
2025-09-27T02:34:39:     at new DurationWorker (/Users/mahtabalam/Desktop/Coding/Unpuzzle-MVP/workers/duration/duration-worker.js:19:21)
2025-09-27T02:34:39:     at Object.<anonymous> (/Users/mahtabalam/Desktop/Coding/Unpuzzle-MVP/workers/duration/duration-worker.js:153:16)
2025-09-27T02:34:39:     at Module._compile (node:internal/modules/cjs/loader:1469:14)
2025-09-27T02:34:39:     at Module._extensions..js (node:internal/modules/cjs/loader:1548:10)
2025-09-27T02:34:39:     at Module.load (node:internal/modules/cjs/loader:1288:32)
2025-09-27T02:34:39:     at Module._load (node:internal/modules/cjs/loader:1104:12)
2025-09-27T02:34:39:     at Object.<anonymous> (/Users/mahtabalam/.nvm/versions/node/v20.18.1/lib/node_modules/pm2/lib/ProcessContainerFork.js:33:23)
2025-09-27T02:34:39:     at Module._compile (node:internal/modules/cjs/loader:1469:14)
